d:\globant\tetris\tetrisbootcamp\tetris\release\vc141.pdb
d:\globant\tetris\tetrisbootcamp\tetris\release\tetrominoz.obj
d:\globant\tetris\tetrisbootcamp\tetris\release\tetrominot.obj
d:\globant\tetris\tetrisbootcamp\tetris\release\tetrominos.obj
d:\globant\tetris\tetrisbootcamp\tetris\release\tetrominoo.obj
d:\globant\tetris\tetrisbootcamp\tetris\release\tetrominol.obj
d:\globant\tetris\tetrisbootcamp\tetris\release\tetrominoj.obj
d:\globant\tetris\tetrisbootcamp\tetris\release\tetrominoi.obj
d:\globant\tetris\tetrisbootcamp\tetris\release\tetrominoesp.obj
d:\globant\tetris\tetrisbootcamp\tetris\release\tetromino.obj
d:\globant\tetris\tetrisbootcamp\tetris\release\gestorgrafico.obj
d:\globant\tetris\tetrisbootcamp\tetris\release\game.obj
d:\globant\tetris\tetrisbootcamp\tetris\release\board.obj
d:\globant\tetris\tetrisbootcamp\tetris\release\app.obj
d:\globant\tetris\tetrisbootcamp\release\tetris.exe
d:\globant\tetris\tetrisbootcamp\release\tetris.pdb
d:\globant\tetris\tetrisbootcamp\release\tetris.ipdb
d:\globant\tetris\tetrisbootcamp\release\tetris.iobj
d:\globant\tetris\tetrisbootcamp\tetris\release\tetris.tlog\cl.command.1.tlog
d:\globant\tetris\tetrisbootcamp\tetris\release\tetris.tlog\cl.read.1.tlog
d:\globant\tetris\tetrisbootcamp\tetris\release\tetris.tlog\cl.write.1.tlog
d:\globant\tetris\tetrisbootcamp\tetris\release\tetris.tlog\link.command.1.tlog
d:\globant\tetris\tetrisbootcamp\tetris\release\tetris.tlog\link.read.1.tlog
d:\globant\tetris\tetrisbootcamp\tetris\release\tetris.tlog\link.write.1.tlog
d:\globant\tetris\tetrisbootcamp\tetris\release\tetris.tlog\tetris.write.1u.tlog
