  App.cpp
  Board.cpp
Board.cpp(18): warning C4018: '<': no coinciden signed/unsigned
Board.cpp(20): warning C4018: '<': no coinciden signed/unsigned
Board.cpp(39): warning C4018: '<': no coinciden signed/unsigned
Board.cpp(41): warning C4018: '<': no coinciden signed/unsigned
Board.cpp(55): warning C4018: '<': no coinciden signed/unsigned
Board.cpp(57): warning C4018: '<': no coinciden signed/unsigned
  Game.cpp
  GestorGrafico.cpp
GestorGrafico.cpp(90): warning C4996: 'sf::Text::setColor': se declaró desusado
  D:\Globant\Tetris\TetrisBootcamp\Tetris\SFML\include\SFML/Graphics/Text.hpp(177): note: vea la declaración de 'sf::Text::setColor'
GestorGrafico.cpp(95): warning C4996: 'sf::Text::setColor': se declaró desusado
  D:\Globant\Tetris\TetrisBootcamp\Tetris\SFML\include\SFML/Graphics/Text.hpp(177): note: vea la declaración de 'sf::Text::setColor'
GestorGrafico.cpp(185): warning C4018: '<': no coinciden signed/unsigned
GestorGrafico.cpp(187): warning C4018: '<': no coinciden signed/unsigned
  Tetromino.cpp
  TetrominoEsp.cpp
  TetrominoI.cpp
  TetrominoJ.cpp
  TetrominoL.cpp
  TetrominoO.cpp
  TetrominoS.cpp
  TetrominoT.cpp
  TetrominoZ.cpp
sfml-graphics.lib(sfml-graphics-2.dll) : fatal error LNK1112: tipo de equipo del módulo 'X86' en conflicto con tipo de equipo de destino 'x64'
